<?xml version="1.0" encoding="UTF-8"?>
<!-- Generated by org.testng.reporters.JUnitReportReporter -->
<testsuite hostname="Lenovo-PC" failures="0" tests="2" name="ff.tests.PortfolioManagement" time="2.602" errors="0" timestamp="2024-01-04T14:18:51 IST" skipped="1">
  <testcase classname="ff.tests.PortfolioManagement" name="selectPortfolio" time="0.006">
    <skipped/>
  </testcase> <!-- selectPortfolio -->
  <testcase classname="ff.tests.PortfolioManagement" name="selectPortfolio" time="2.596"/>
</testsuite> <!-- ff.tests.PortfolioManagement -->
