<?xml version="1.0" encoding="UTF-8"?>
<!-- Generated by org.testng.reporters.JUnitReportReporter -->
<testsuite hostname="Lenovo-PC" failures="0" tests="1" name="validationtests.PortfolioValidationTest" time="10.399" errors="0" timestamp="2023-12-20T11:25:43 IST" skipped="0">
  <testcase classname="validationtests.PortfolioValidationTest" name="createPortfolioTest" time="10.399"/>
  <system-out/>
</testsuite> <!-- validationtests.PortfolioValidationTest -->
