<?xml version="1.0" encoding="UTF-8"?>
<!-- Generated by org.testng.reporters.JUnitReportReporter -->
<testsuite hostname="Lenovo-PC" failures="0" tests="4" name="ff.tests.PortfolioManagement" time="13.465" errors="0" timestamp="2024-01-03T19:10:47 IST" skipped="2">
  <testcase classname="ff.tests.PortfolioManagement" name="deletePortfolio" time="0.002">
    <skipped/>
  </testcase> <!-- deletePortfolio -->
  <testcase classname="ff.tests.PortfolioManagement" name="createPortfolio" time="0.002">
    <skipped/>
  </testcase> <!-- createPortfolio -->
  <testcase classname="ff.tests.PortfolioManagement" name="createPortfolio" time="5.935"/>
  <testcase classname="ff.tests.PortfolioManagement" name="deletePortfolio" time="7.526"/>
</testsuite> <!-- ff.tests.PortfolioManagement -->
