<?xml version="1.0" encoding="UTF-8"?>
<!-- Generated by org.testng.reporters.JUnitReportReporter -->
<testsuite hostname="Lenovo-PC" failures="0" tests="8" name="ff.tests.StockManagement" time="8.320" errors="0" timestamp="2024-01-02T19:23:31 IST" skipped="4">
  <testcase classname="ff.tests.StockManagement" name="verifyTransactionHistory" time="0.002">
    <skipped/>
  </testcase> <!-- verifyTransactionHistory -->
  <system-out/>
  <testcase classname="ff.tests.StockManagement" name="verifyStockPresent" time="0.003">
    <skipped/>
  </testcase> <!-- verifyStockPresent -->
  <system-out/>
  <testcase classname="ff.tests.StockManagement" name="verifyStockQuantity" time="0.002">
    <skipped/>
  </testcase> <!-- verifyStockQuantity -->
  <system-out/>
  <testcase classname="ff.tests.StockManagement" name="addNewStock" time="6.895"/>
  <system-out/>
  <testcase classname="ff.tests.StockManagement" name="verifyStockQuantity" time="0.319"/>
  <system-out/>
  <testcase classname="ff.tests.StockManagement" name="verifyTransactionHistory" time="0.784"/>
  <system-out/>
  <testcase classname="ff.tests.StockManagement" name="verifyStockPresent" time="0.311"/>
  <system-out/>
  <testcase classname="ff.tests.StockManagement" name="addNewStock" time="0.004">
    <skipped/>
  </testcase> <!-- addNewStock -->
  <system-out/>
</testsuite> <!-- ff.tests.StockManagement -->
