<?xml version="1.0" encoding="UTF-8"?>
<!-- Generated by org.testng.reporters.JUnitReportReporter -->
<testsuite hostname="Lenovo-PC" failures="0" tests="8" name="ff.tests.StockManagement" time="6.701" errors="0" timestamp="2024-01-04T14:18:51 IST" skipped="4">
  <testcase classname="ff.tests.StockManagement" name="verifyStockQuantity" time="0.009"/>
  <testcase classname="ff.tests.StockManagement" name="verifyTransactionHistory" time="0.003"/>
  <testcase classname="ff.tests.StockManagement" name="verifyStockQuantity" time="0.003">
    <skipped/>
  </testcase> <!-- verifyStockQuantity -->
  <testcase classname="ff.tests.StockManagement" name="verifyTransactionHistory" time="0.001">
    <skipped/>
  </testcase> <!-- verifyTransactionHistory -->
  <testcase classname="ff.tests.StockManagement" name="verifyStockPresent" time="0.001">
    <skipped/>
  </testcase> <!-- verifyStockPresent -->
  <testcase classname="ff.tests.StockManagement" name="verifyStockPresent" time="0.515"/>
  <testcase classname="ff.tests.StockManagement" name="addNewStock" time="6.165"/>
  <testcase classname="ff.tests.StockManagement" name="addNewStock" time="0.004">
    <skipped/>
  </testcase> <!-- addNewStock -->
</testsuite> <!-- ff.tests.StockManagement -->
