<?xml version="1.0" encoding="UTF-8"?>
<!-- Generated by org.testng.reporters.JUnitReportReporter -->
<testsuite hostname="Lenovo-PC" failures="0" tests="2" name="ff.tests.PortfolioManagement" time="0.598" errors="0" timestamp="2024-01-02T19:23:31 IST" skipped="1">
  <testcase classname="ff.tests.PortfolioManagement" name="selectPortfolio" time="0.594"/>
  <system-out/>
  <testcase classname="ff.tests.PortfolioManagement" name="selectPortfolio" time="0.004">
    <skipped/>
  </testcase> <!-- selectPortfolio -->
  <system-out/>
</testsuite> <!-- ff.tests.PortfolioManagement -->
